
Showing logs for build [32mhack19-hub-serverless-master-1[0m stage [32mfrom-build-pack[0m and container [32mstep-credential-initializer-flk6p[0m
{"level":"warn","ts":1572600913.641019,"logger":"fallback-logger","caller":"logging/config.go:69","msg":"Fetch GitHub commit ID from kodata failed: \"ref: refs/heads/master\" is not a valid GitHub commit ID"}
{"level":"info","ts":1572600913.6412709,"logger":"fallback-logger","caller":"creds-init/main.go:40","msg":"Credentials initialized."}

Showing logs for build [32mhack19-hub-serverless-master-1[0m stage [32mfrom-build-pack[0m and container [32mstep-working-dir-initializer-p76gv[0m
{"level":"warn","ts":1572600914.5926197,"logger":"fallback-logger","caller":"logging/config.go:69","msg":"Fetch GitHub commit ID from kodata failed: open /var/run/ko/HEAD: no such file or directory"}
{"level":"info","ts":1572600914.593585,"logger":"fallback-logger","caller":"bash/main.go:65","msg":"Successfully executed command \"mkdir -p /workspace/source\""}

Showing logs for build [32mhack19-hub-serverless-master-1[0m stage [32mfrom-build-pack[0m and container [32mstep-place-tools[0m

Showing logs for build [32mhack19-hub-serverless-master-1[0m stage [32mfrom-build-pack[0m and container [32mstep-git-source-hack19-hub-serverless-master-rrmh2[0m
{"level":"warn","ts":1572600941.625119,"logger":"fallback-logger","caller":"logging/config.go:69","msg":"Fetch GitHub commit ID from kodata failed: \"ref: refs/heads/master\" is not a valid GitHub commit ID"}
{"level":"info","ts":1572600942.0469472,"logger":"fallback-logger","caller":"git/git.go:102","msg":"Successfully cloned https://github.com/**********/serverless.git @ v0.0.1 in path /workspace/source"}

Showing logs for build [32mhack19-hub-serverless-master-1[0m stage [32mfrom-build-pack[0m and container [32mstep-git-merge[0m
Using SHAs from PULL_REFS=master:8e1254e109bad5c5bb6f427e149423086987fa90
WARNING: no SHAs to merge, falling back to initial cloned commit

Showing logs for build [32mhack19-hub-serverless-master-1[0m stage [32mfrom-build-pack[0m and container [32mstep-setup-jx-git-credentials[0m
Generated Git credentials file /workspace/xdg_config/git/credentials

Showing logs for build [32mhack19-hub-serverless-master-1[0m stage [32mfrom-build-pack[0m and container [32mstep-build-make-build[0m
CGO_ENABLED=0 GO15VENDOREXPERIMENT=1 go build -ldflags '' -o bin/serverless-jenkins-demo main.go

Showing logs for build [32mhack19-hub-serverless-master-1[0m stage [32mfrom-build-pack[0m and container [32mstep-build-container-build[0m
[36mINFO[0m[0000] No base image, nothing to extract            
[36mINFO[0m[0000] cmd: EXPOSE                                  
[36mINFO[0m[0000] Adding exposed port: 8080/tcp                
[36mINFO[0m[0000] Checking for cached layer eks/todo/cache:e5aeb7b7fd7a171b32d11e7d72e0bfe087660c54bc2c9ce1079c1452b94e114e... 
[36mINFO[0m[0001] No cached layer found for cmd RUN ls         
[36mINFO[0m[0001] Unpacking rootfs as cmd RUN ls requires it.  
[36mINFO[0m[0001] Taking snapshot of full filesystem...        
[36mINFO[0m[0001] EXPOSE 8080                                  
[36mINFO[0m[0001] cmd: EXPOSE                                  
[36mINFO[0m[0001] Adding exposed port: 8080/tcp                
[36mINFO[0m[0001] No files changed in this command, skipping snapshotting. 
[36mINFO[0m[0001] RUN ls                                       
[36mINFO[0m[0001] cmd: /bin/sh                                 
[36mINFO[0m[0001] args: [-c ls]                                
error building image: error building stage: starting command: fork/exec /bin/sh: no such file or directory
[31m
Pipeline failed on stage 'from-build-pack' : container 'step-build-container-build'. The execution of the pipeline has stopped.[0m
